This is pdfTeX, Version 3.141592653-2.6-1.40.22 (TeX Live 2022/dev/Debian) (preloaded format=pdflatex 2024.4.24)  24 APR 2024 04:56
entering extended mode
 \write18 enabled.
 %&-line parsing enabled.
**content/hackpack.tex
(./content/hackpack.tex
LaTeX2e <2021-11-15> patch level 1
L3 programming layer <2022-01-21> (/usr/share/texlive/texmf-dist/tex/latex/extsizes/extreport.cls
Document Class: extreport 1996/10/08 v1.0 Non Standard LaTeX document class
(/usr/share/texlive/texmf-dist/tex/latex/extsizes/size9.clo
File: size9.clo 1999/11/11 v1.4a NON-Standard LaTeX file (size option)
) (/usr/share/texlive/texmf-dist/tex/latex/base/exscale.sty
Package: exscale 2018/09/24 v2.1i Standard LaTeX package exscale
LaTeX Font Info:    Redeclaring symbol font `largesymbols' on input line 57.
LaTeX Font Info:    Overwriting symbol font `largesymbols' in version `normal'
(Font)                  OMX/cmex/m/n --> OMX/cmex/m/n on input line 57.
LaTeX Font Info:    Overwriting symbol font `largesymbols' in version `bold'
(Font)                  OMX/cmex/m/n --> OMX/cmex/m/n on input line 57.
\big@size=\dimen138
)
\c@part=\count185
\c@chapter=\count186
\c@section=\count187
\c@subsection=\count188
\c@subsubsection=\count189
\c@paragraph=\count190
\c@subparagraph=\count191
\c@figure=\count192
\c@table=\count193
\abovecaptionskip=\skip47
\belowcaptionskip=\skip48
\bibindent=\dimen139
) (content/tex/kactlpkg.sty
Package: kactlpkg 
 (/usr/share/texlive/texmf-dist/tex/latex/base/inputenc.sty
Package: inputenc 2021/02/14 v1.3d Input encoding file
\inpenc@prehook=\toks16
\inpenc@posthook=\toks17
) (/usr/share/texlive/texmf-dist/tex/latex/listings/listings.sty (/usr/share/texlive/texmf-dist/tex/latex/graphics/keyval.sty
Package: keyval 2014/10/28 v1.15 key=value parser (DPC)
\KV@toks@=\toks18
)
\lst@mode=\count194
\lst@gtempboxa=\box50
\lst@token=\toks19
\lst@length=\count195
\lst@currlwidth=\dimen140
\lst@column=\count196
\lst@pos=\count197
\lst@lostspace=\dimen141
\lst@width=\dimen142
\lst@newlines=\count198
\lst@lineno=\count199
\lst@maxwidth=\dimen143
 (/usr/share/texlive/texmf-dist/tex/latex/listings/lstmisc.sty
File: lstmisc.sty 2020/03/24 1.8d (Carsten Heinz)
\c@lstnumber=\count266
\lst@skipnumbers=\count267
\lst@framebox=\box51
) (/usr/share/texlive/texmf-dist/tex/latex/listings/listings.cfg
File: listings.cfg 2020/03/24 1.8d listings configuration
))
Package: listings 2020/03/24 1.8d (Carsten Heinz)
 (/usr/share/texlive/texmf-dist/tex/latex/framed/framed.sty
Package: framed 2011/10/22 v 0.96: framed or shaded text with page breaks
\OuterFrameSep=\skip49
\fb@frw=\dimen144
\fb@frh=\dimen145
\FrameRule=\dimen146
\FrameSep=\dimen147
) (/usr/share/texlive/texmf-dist/tex/latex/geometry/geometry.sty
Package: geometry 2020/01/02 v5.9 Page Geometry
 (/usr/share/texlive/texmf-dist/tex/generic/iftex/ifvtex.sty
Package: ifvtex 2019/10/25 v1.7 ifvtex legacy package. Use iftex instead.
 (/usr/share/texlive/texmf-dist/tex/generic/iftex/iftex.sty
Package: iftex 2020/03/06 v1.0d TeX engine tests
))
\Gm@cnth=\count268
\Gm@cntv=\count269
\c@Gm@tempcnt=\count270
\Gm@bindingoffset=\dimen148
\Gm@wd@mp=\dimen149
\Gm@odd@mp=\dimen150
\Gm@even@mp=\dimen151
\Gm@layoutwidth=\dimen152
\Gm@layoutheight=\dimen153
\Gm@layouthoffset=\dimen154
\Gm@layoutvoffset=\dimen155
\Gm@dimlist=\toks20
) (/usr/share/texlive/texmf-dist/tex/latex/tools/multicol.sty
Package: multicol 2021/10/28 v1.9b multicolumn formatting (FMi)
\c@tracingmulticols=\count271
\mult@box=\box52
\multicol@leftmargin=\dimen156
\c@unbalance=\count272
\c@collectmore=\count273
\doublecol@number=\count274
\multicoltolerance=\count275
\multicolpretolerance=\count276
\full@width=\dimen157
\page@free=\dimen158
\premulticols=\dimen159
\postmulticols=\dimen160
\multicolsep=\skip50
\multicolbaselineskip=\skip51
\partial@page=\box53
\last@line=\box54
\maxbalancingoverflow=\dimen161
\mult@rightbox=\box55
\mult@grightbox=\box56
\mult@firstbox=\box57
\mult@gfirstbox=\box58
\@tempa=\box59
\@tempa=\box60
\@tempa=\box61
\@tempa=\box62
\@tempa=\box63
\@tempa=\box64
\@tempa=\box65
\@tempa=\box66
\@tempa=\box67
\@tempa=\box68
\@tempa=\box69
\@tempa=\box70
\@tempa=\box71
\@tempa=\box72
\@tempa=\box73
\@tempa=\box74
\@tempa=\box75
\@tempa=\box76
\@tempa=\box77
\@tempa=\box78
\@tempa=\box79
\@tempa=\box80
\@tempa=\box81
\@tempa=\box82
\@tempa=\box83
\@tempa=\box84
\@tempa=\box85
\@tempa=\box86
\@tempa=\box87
\@tempa=\box88
\@tempa=\box89
\@tempa=\box90
\@tempa=\box91
\@tempa=\box92
\@tempa=\box93
\@tempa=\box94
\c@minrows=\count277
\c@columnbadness=\count278
\c@finalcolumnbadness=\count279
\last@try=\dimen162
\multicolovershoot=\dimen163
\multicolundershoot=\dimen164
\mult@nat@firstbox=\box95
\colbreak@box=\box96
\mc@col@check@num=\count280
) (/usr/share/texlive/texmf-dist/tex/latex/fancyhdr/fancyhdr.sty
Package: fancyhdr 2021/01/28 v4.0.1 Extensive control of page headers and footers
\f@nch@headwidth=\skip52
\f@nch@O@elh=\skip53
\f@nch@O@erh=\skip54
\f@nch@O@olh=\skip55
\f@nch@O@orh=\skip56
\f@nch@O@elf=\skip57
\f@nch@O@erf=\skip58
\f@nch@O@olf=\skip59
\f@nch@O@orf=\skip60
) (/usr/share/texlive/texmf-dist/tex/latex/amsmath/amsbsy.sty
Package: amsbsy 1999/11/29 v1.2d Bold Symbols
 (/usr/share/texlive/texmf-dist/tex/latex/amsmath/amsgen.sty
File: amsgen.sty 1999/11/30 v2.0 generic functions
\@emptytoks=\toks21
\ex@=\dimen165
)
\pmbraise@=\dimen166
) (/usr/share/texlive/texmf-dist/tex/latex/amsfonts/amssymb.sty
Package: amssymb 2013/01/14 v3.01 AMS font symbols
 (/usr/share/texlive/texmf-dist/tex/latex/amsfonts/amsfonts.sty
Package: amsfonts 2013/01/14 v3.01 Basic AMSFonts support
\symAMSa=\mathgroup4
\symAMSb=\mathgroup5
LaTeX Font Info:    Redeclaring math symbol \hbar on input line 98.
LaTeX Font Info:    Overwriting math alphabet `\mathfrak' in version `bold'
(Font)                  U/euf/m/n --> U/euf/b/n on input line 106.
)) (/usr/share/texlive/texmf-dist/tex/latex/amsmath/amsmath.sty
Package: amsmath 2021/10/15 v2.17l AMS math features
\@mathmargin=\skip61

For additional information on amsmath, use the `?' option.
(/usr/share/texlive/texmf-dist/tex/latex/amsmath/amstext.sty
Package: amstext 2021/08/26 v2.01 AMS text
) (/usr/share/texlive/texmf-dist/tex/latex/amsmath/amsopn.sty
Package: amsopn 2021/08/26 v2.02 operator names
)
\inf@bad=\count281
LaTeX Info: Redefining \frac on input line 234.
\uproot@=\count282
\leftroot@=\count283
LaTeX Info: Redefining \overline on input line 399.
\classnum@=\count284
\DOTSCASE@=\count285
LaTeX Info: Redefining \ldots on input line 496.
LaTeX Info: Redefining \dots on input line 499.
LaTeX Info: Redefining \cdots on input line 620.
\Mathstrutbox@=\box97
\strutbox@=\box98
\big@size=\dimen167
LaTeX Font Info:    Redeclaring font encoding OML on input line 743.
LaTeX Font Info:    Redeclaring font encoding OMS on input line 744.
\macc@depth=\count286
\c@MaxMatrixCols=\count287
\dotsspace@=\muskip16
\c@parentequation=\count288
\dspbrk@lvl=\count289
\tag@help=\toks22
\row@=\count290
\column@=\count291
\maxfields@=\count292
\andhelp@=\toks23
\eqnshift@=\dimen168
\alignsep@=\dimen169
\tagshift@=\dimen170
\tagwidth@=\dimen171
\totwidth@=\dimen172
\lineht@=\dimen173
\@envbody=\toks24
\multlinegap=\skip62
\multlinetaggap=\skip63
\mathdisplay@stack=\toks25
LaTeX Info: Redefining \[ on input line 2938.
LaTeX Info: Redefining \] on input line 2939.
) (/usr/share/texlive/texmf-dist/tex/latex/tocloft/tocloft.sty
Package: tocloft 2017/08/31 v2.3i parameterised ToC, etc., typesetting
Package tocloft Info: The document has chapter divisions on input line 51.
\cftparskip=\skip64
\cftbeforetoctitleskip=\skip65
\cftaftertoctitleskip=\skip66
\cftbeforepartskip=\skip67
\cftpartnumwidth=\skip68
\cftpartindent=\skip69
\cftbeforechapskip=\skip70
\cftchapindent=\skip71
\cftchapnumwidth=\skip72
\cftbeforesecskip=\skip73
\cftsecindent=\skip74
\cftsecnumwidth=\skip75
\cftbeforesubsecskip=\skip76
\cftsubsecindent=\skip77
\cftsubsecnumwidth=\skip78
\cftbeforesubsubsecskip=\skip79
\cftsubsubsecindent=\skip80
\cftsubsubsecnumwidth=\skip81
\cftbeforeparaskip=\skip82
\cftparaindent=\skip83
\cftparanumwidth=\skip84
\cftbeforesubparaskip=\skip85
\cftsubparaindent=\skip86
\cftsubparanumwidth=\skip87
\cftbeforeloftitleskip=\skip88
\cftafterloftitleskip=\skip89
\cftbeforefigskip=\skip90
\cftfigindent=\skip91
\cftfignumwidth=\skip92
\c@lofdepth=\count293
\c@lotdepth=\count294
\cftbeforelottitleskip=\skip93
\cftafterlottitleskip=\skip94
\cftbeforetabskip=\skip95
\cfttabindent=\skip96
\cfttabnumwidth=\skip97
) (/usr/share/texlive/texmf-dist/tex/latex/titlesec/titletoc.sty
Package: titletoc 2021/07/05 v2.14 TOC entries
\ttl@leftsep=\dimen174
) (/usr/share/texlive/texmf-dist/tex/latex/base/ifthen.sty
Package: ifthen 2020/11/24 v1.1c Standard LaTeX ifthen package (DPC)
) (/usr/share/texlive/texmf-dist/tex/latex/psnfss/courier.sty
Package: courier 2020/03/25 PSNFSS-v9.3 (WaS) 
) (/usr/share/texlive/texmf-dist/tex/latex/graphics/graphicx.sty
Package: graphicx 2021/09/16 v1.2d Enhanced LaTeX Graphics (DPC,SPQR)
 (/usr/share/texlive/texmf-dist/tex/latex/graphics/graphics.sty
Package: graphics 2021/03/04 v1.4d Standard LaTeX Graphics (DPC,SPQR)
 (/usr/share/texlive/texmf-dist/tex/latex/graphics/trig.sty
Package: trig 2021/08/11 v1.11 sin cos tan (DPC)
) (/usr/share/texlive/texmf-dist/tex/latex/graphics-cfg/graphics.cfg
File: graphics.cfg 2016/06/04 v1.11 sample graphics configuration
)
Package graphics Info: Driver file: pdftex.def on input line 107.
 (/usr/share/texlive/texmf-dist/tex/latex/graphics-def/pdftex.def
File: pdftex.def 2020/10/05 v1.2a Graphics/color driver for pdftex
))
\Gin@req@height=\dimen175
\Gin@req@width=\dimen176
) (/usr/share/texlive/texmf-dist/tex/latex/base/fix-cm.sty
Package: fix-cm 2020/11/24 v1.1t fixes to LaTeX
 (/usr/share/texlive/texmf-dist/tex/latex/base/ts1enc.def
File: ts1enc.def 2001/06/05 v3.0e (jk/car/fm) Standard LaTeX file
LaTeX Font Info:    Redeclaring font encoding TS1 on input line 47.
)) (/usr/share/texlive/texmf-dist/tex/latex/paralist/paralist.sty
Package: paralist 2017/01/22 v2.7 Extended list environments
\pltopsep=\skip98
\plpartopsep=\skip99
\plitemsep=\skip100
\plparsep=\skip101
\pl@lab=\toks26
) (/usr/share/texlive/texmf-dist/tex/latex/enumitem/enumitem.sty
Package: enumitem 2019/06/20 v3.9 Customized lists
\labelindent=\skip102
\enit@outerparindent=\dimen177
\enit@toks=\toks27
\enit@inbox=\box99
\enit@count@id=\count295
\enitdp@description=\count296
) (/usr/share/texlive/texmf-dist/tex/latex/parskip/parskip.sty
Package: parskip 2021-03-14 v2.0h non-zero parskip adjustments
 (/usr/share/texlive/texmf-dist/tex/latex/kvoptions/kvoptions.sty
Package: kvoptions 2020-10-07 v3.14 Key value format for package options (HO)
 (/usr/share/texlive/texmf-dist/tex/generic/ltxcmds/ltxcmds.sty
Package: ltxcmds 2020-05-10 v1.25 LaTeX kernel commands for general use (HO)
) (/usr/share/texlive/texmf-dist/tex/generic/kvsetkeys/kvsetkeys.sty
Package: kvsetkeys 2019/12/15 v1.18 Key value parser (HO)
)) (/usr/share/texlive/texmf-dist/tex/latex/etoolbox/etoolbox.sty
Package: etoolbox 2020/10/05 v2.5k e-TeX tools for LaTeX (JAW)
\etb@tempcnta=\count297
)) (/usr/share/texlive/texmf-dist/tex/latex/xcolor/xcolor.sty
Package: xcolor 2021/10/31 v2.13 LaTeX color extensions (UK)
 (/usr/share/texlive/texmf-dist/tex/latex/graphics-cfg/color.cfg
File: color.cfg 2016/01/02 v1.6 sample color configuration
)
Package xcolor Info: Driver file: pdftex.def on input line 227.
Package xcolor Info: Model `cmy' substituted by `cmy0' on input line 1352.
Package xcolor Info: Model `hsb' substituted by `rgb' on input line 1356.
Package xcolor Info: Model `RGB' extended on input line 1368.
Package xcolor Info: Model `HTML' substituted by `rgb' on input line 1370.
Package xcolor Info: Model `Hsb' substituted by `hsb' on input line 1371.
Package xcolor Info: Model `tHsb' substituted by `hsb' on input line 1372.
Package xcolor Info: Model `HSB' substituted by `hsb' on input line 1373.
Package xcolor Info: Model `Gray' substituted by `gray' on input line 1374.
Package xcolor Info: Model `wave' substituted by `hsb' on input line 1375.
 (/usr/share/texlive/texmf-dist/tex/latex/graphics/dvipsnam.def
File: dvipsnam.def 2016/06/17 v3.0m Driver-dependent file (DPC,SPQR)
)) (/usr/share/texlive/texmf-dist/tex/generic/ulem/ulem.sty
\UL@box=\box100
\UL@hyphenbox=\box101
\UL@skip=\skip103
\UL@hook=\toks28
\UL@height=\dimen178
\UL@pe=\count298
\UL@pixel=\dimen179
\ULC@box=\box102
Package: ulem 2019/11/18
\ULdepth=\dimen180
) (/usr/share/texlive/texmf-dist/tex/latex/hyperref/hyperref.sty
Package: hyperref 2021-06-07 v7.00m Hypertext links for LaTeX
 (/usr/share/texlive/texmf-dist/tex/generic/pdftexcmds/pdftexcmds.sty
Package: pdftexcmds 2020-06-27 v0.33 Utility functions of pdfTeX for LuaTeX (HO)
 (/usr/share/texlive/texmf-dist/tex/generic/infwarerr/infwarerr.sty
Package: infwarerr 2019/12/03 v1.5 Providing info/warning/error messages (HO)
)
Package pdftexcmds Info: \pdf@primitive is available.
Package pdftexcmds Info: \pdf@ifprimitive is available.
Package pdftexcmds Info: \pdfdraftmode found.
) (/usr/share/texlive/texmf-dist/tex/generic/kvdefinekeys/kvdefinekeys.sty
Package: kvdefinekeys 2019-12-19 v1.6 Define keys (HO)
) (/usr/share/texlive/texmf-dist/tex/generic/pdfescape/pdfescape.sty
Package: pdfescape 2019/12/09 v1.15 Implements pdfTeX's escape features (HO)
) (/usr/share/texlive/texmf-dist/tex/latex/hycolor/hycolor.sty
Package: hycolor 2020-01-27 v1.10 Color options for hyperref/bookmark (HO)
) (/usr/share/texlive/texmf-dist/tex/latex/letltxmacro/letltxmacro.sty
Package: letltxmacro 2019/12/03 v1.6 Let assignment for LaTeX macros (HO)
) (/usr/share/texlive/texmf-dist/tex/latex/auxhook/auxhook.sty
Package: auxhook 2019-12-17 v1.6 Hooks for auxiliary files (HO)
)
\@linkdim=\dimen181
\Hy@linkcounter=\count299
\Hy@pagecounter=\count300
 (/usr/share/texlive/texmf-dist/tex/latex/hyperref/pd1enc.def
File: pd1enc.def 2021-06-07 v7.00m Hyperref: PDFDocEncoding definition (HO)
Now handling font encoding PD1 ...
... no UTF-8 mapping file for font encoding PD1
) (/usr/share/texlive/texmf-dist/tex/latex/hyperref/hyperref-langpatches.def
File: hyperref-langpatches.def 2021-06-07 v7.00m Hyperref: patches for babel languages
) (/usr/share/texlive/texmf-dist/tex/generic/intcalc/intcalc.sty
Package: intcalc 2019/12/15 v1.3 Expandable calculations with integers (HO)
) (/usr/share/texlive/texmf-dist/tex/generic/etexcmds/etexcmds.sty
Package: etexcmds 2019/12/15 v1.7 Avoid name clashes with e-TeX commands (HO)
)
\Hy@SavedSpaceFactor=\count301
 (/usr/share/texlive/texmf-dist/tex/latex/hyperref/puenc.def
File: puenc.def 2021-06-07 v7.00m Hyperref: PDF Unicode definition (HO)
Now handling font encoding PU ...
... no UTF-8 mapping file for font encoding PU
)
Package hyperref Info: Hyper figures OFF on input line 4192.
Package hyperref Info: Link nesting OFF on input line 4197.
Package hyperref Info: Hyper index ON on input line 4200.
Package hyperref Info: Plain pages OFF on input line 4207.
Package hyperref Info: Backreferencing OFF on input line 4212.
Package hyperref Info: Implicit mode ON; LaTeX internals redefined.
Package hyperref Info: Bookmarks ON on input line 4445.
\c@Hy@tempcnt=\count302
 (/usr/share/texlive/texmf-dist/tex/latex/url/url.sty
\Urlmuskip=\muskip17
Package: url 2013/09/16  ver 3.4  Verb mode for urls, etc.
)
LaTeX Info: Redefining \url on input line 4804.
\XeTeXLinkMargin=\dimen182
 (/usr/share/texlive/texmf-dist/tex/generic/bitset/bitset.sty
Package: bitset 2019/12/09 v1.3 Handle bit-vector datatype (HO)
 (/usr/share/texlive/texmf-dist/tex/generic/bigintcalc/bigintcalc.sty
Package: bigintcalc 2019/12/15 v1.5 Expandable calculations on big integers (HO)
))
\Fld@menulength=\count303
\Field@Width=\dimen183
\Fld@charsize=\dimen184
Package hyperref Info: Hyper figures OFF on input line 6076.
Package hyperref Info: Link nesting OFF on input line 6081.
Package hyperref Info: Hyper index ON on input line 6084.
Package hyperref Info: backreferencing OFF on input line 6091.
Package hyperref Info: Link coloring OFF on input line 6096.
Package hyperref Info: Link coloring with OCG OFF on input line 6101.
Package hyperref Info: PDF/A mode OFF on input line 6106.
LaTeX Info: Redefining \ref on input line 6146.
LaTeX Info: Redefining \pageref on input line 6150.
 (/usr/share/texlive/texmf-dist/tex/latex/base/atbegshi-ltx.sty
Package: atbegshi-ltx 2021/01/10 v1.0c Emulation of the original atbegshi
package with kernel methods
)
\Hy@abspage=\count304
\c@Item=\count305
\c@Hfootnote=\count306
)
Package hyperref Info: Driver (autodetected): hpdftex.
 (/usr/share/texlive/texmf-dist/tex/latex/hyperref/hpdftex.def
File: hpdftex.def 2021-06-07 v7.00m Hyperref driver for pdfTeX
 (/usr/share/texlive/texmf-dist/tex/latex/base/atveryend-ltx.sty
Package: atveryend-ltx 2020/08/19 v1.0a Emulation of the original atveryend package
with kernel methods
)
\Fld@listcount=\count307
\c@bookmark@seq@number=\count308
 (/usr/share/texlive/texmf-dist/tex/latex/rerunfilecheck/rerunfilecheck.sty
Package: rerunfilecheck 2019/12/05 v1.9 Rerun checks for auxiliary files (HO)
 (/usr/share/texlive/texmf-dist/tex/generic/uniquecounter/uniquecounter.sty
Package: uniquecounter 2019/12/15 v1.4 Provide unlimited unique counter (HO)
)
Package uniquecounter Info: New unique counter `rerunfilecheck' on input line 286.
)
\Hy@SectionHShift=\skip104
)
\hdrmark=\marks1
 (/usr/share/texlive/texmf-dist/tex/latex/listings/lstlang1.sty
File: lstlang1.sty 2020/03/24 1.8d listings language file
) (/usr/share/texlive/texmf-dist/tex/latex/listings/lstlang1.sty
File: lstlang1.sty 2020/03/24 1.8d listings language file
) (/usr/share/texlive/texmf-dist/tex/latex/listings/lstmisc.sty
File: lstmisc.sty 2020/03/24 1.8d (Carsten Heinz)
)) (/usr/share/texlive/texmf-dist/tex/latex/l3backend/l3backend-pdftex.def
File: l3backend-pdftex.def 2022-01-12 L3 backend support: PDF output (pdfTeX)
\l__color_backend_stack_int=\count309
\l__pdf_internal_box=\box103
) (build//hackpack.aux)
\openout1 = `hackpack.aux'.

LaTeX Font Info:    Checking defaults for OML/cmm/m/it on input line 11.
LaTeX Font Info:    ... okay on input line 11.
LaTeX Font Info:    Checking defaults for OMS/cmsy/m/n on input line 11.
LaTeX Font Info:    ... okay on input line 11.
LaTeX Font Info:    Checking defaults for OT1/cmr/m/n on input line 11.
LaTeX Font Info:    ... okay on input line 11.
LaTeX Font Info:    Checking defaults for T1/cmr/m/n on input line 11.
LaTeX Font Info:    ... okay on input line 11.
LaTeX Font Info:    Checking defaults for TS1/cmr/m/n on input line 11.
LaTeX Font Info:    ... okay on input line 11.
LaTeX Font Info:    Checking defaults for OMX/cmex/m/n on input line 11.
LaTeX Font Info:    ... okay on input line 11.
LaTeX Font Info:    Checking defaults for U/cmr/m/n on input line 11.
LaTeX Font Info:    ... okay on input line 11.
LaTeX Font Info:    Checking defaults for PD1/pdf/m/n on input line 11.
LaTeX Font Info:    ... okay on input line 11.
LaTeX Font Info:    Checking defaults for PU/pdf/m/n on input line 11.
LaTeX Font Info:    ... okay on input line 11.
\c@lstlisting=\count310

*geometry* driver: auto-detecting
*geometry* detected driver: pdftex
*geometry* verbose mode - [ preamble ] result:
* driver: pdftex
* paper: a4paper
* layout: <same size as paper>
* layoutoffset:(h,v)=(0.0pt,0.0pt)
* modes: landscape 
* h-part:(L,W,R)=(14.22636pt, 816.59412pt, 14.22636pt)
* v-part:(T,H,B)=(28.45274pt, 557.67421pt, 11.38092pt)
* \paperwidth=845.04684pt
* \paperheight=597.50787pt
* \textwidth=816.59412pt
* \textheight=557.67421pt
* \oddsidemargin=-58.04362pt
* \evensidemargin=-58.04362pt
* \topmargin=-80.81725pt
* \headheight=25.0pt
* \headsep=5.0pt
* \topskip=9.0pt
* \footskip=30.0pt
* \marginparwidth=65.0pt
* \marginparsep=10.0pt
* \columnsep=10.0pt
* \skip\footins=8.0pt plus 4.0pt minus 2.0pt
* \hoffset=0.0pt
* \voffset=0.0pt
* \mag=1000
* \@twocolumnfalse
* \@twosidefalse
* \@mparswitchfalse
* \@reversemarginfalse
* (1in=72.27pt=25.4mm, 1cm=28.453pt)

(/usr/share/texlive/texmf-dist/tex/context/base/mkii/supp-pdf.mkii
[Loading MPS to PDF converter (version 2006.09.02).]
\scratchcounter=\count311
\scratchdimen=\dimen185
\scratchbox=\box104
\nofMPsegments=\count312
\nofMParguments=\count313
\everyMPshowfont=\toks29
\MPscratchCnt=\count314
\MPscratchDim=\dimen186
\MPnumerator=\count315
\makeMPintoPDFobject=\count316
\everyMPtoPDFconversion=\toks30
) (/usr/share/texlive/texmf-dist/tex/latex/epstopdf-pkg/epstopdf-base.sty
Package: epstopdf-base 2020-01-24 v2.11 Base part for package epstopdf
Package epstopdf-base Info: Redefining graphics rule for `.eps' on input line 485.
 (/usr/share/texlive/texmf-dist/tex/latex/latexconfig/epstopdf-sys.cfg
File: epstopdf-sys.cfg 2010/07/13 v1.3 Configuration of (r)epstopdf for TeX Live
))
Package hyperref Info: Link coloring OFF on input line 11.
 (/usr/share/texlive/texmf-dist/tex/latex/hyperref/nameref.sty
Package: nameref 2021-04-02 v2.47 Cross-referencing by name of section
 (/usr/share/texlive/texmf-dist/tex/latex/refcount/refcount.sty
Package: refcount 2019/12/15 v3.6 Data extraction from label references (HO)
) (/usr/share/texlive/texmf-dist/tex/generic/gettitlestring/gettitlestring.sty
Package: gettitlestring 2019/12/15 v1.6 Cleanup title references (HO)
)
\c@section@level=\count317
)
LaTeX Info: Redefining \ref on input line 11.
LaTeX Info: Redefining \pageref on input line 11.
LaTeX Info: Redefining \nameref on input line 11.
 (build//hackpack.out) (build//hackpack.out)
\@outlinefile=\write3
\openout3 = `hackpack.out'.

runsystem(rm -f build/header.tmp)...executed.



pdfTeX warning: pdflatex (file content/tex/radiation.pdf): PDF inclusion: found PDF version <1.7>, but at most version <1.5> allowed
<radiation.pdf, id=44, 596.8103pt x 596.8103pt>
File: radiation.pdf Graphic file (type pdf)
<use radiation.pdf>
Package pdftex.def Info: radiation.pdf  used on input line 12.
(pdftex.def)             Requested size: 85.35826pt x 85.35597pt.
[1

{/var/lib/texmf/fonts/map/pdftex/updmap/pdftex.map} <content/tex/radiation.pdf>] (build//hackpack.toc
LaTeX Font Info:    Trying to load font information for U+msa on input line 1.
 (/usr/share/texlive/texmf-dist/tex/latex/amsfonts/umsa.fd
File: umsa.fd 2013/01/14 v3.01 AMS symbols A
)
LaTeX Font Info:    Trying to load font information for U+msb on input line 1.
 (/usr/share/texlive/texmf-dist/tex/latex/amsfonts/umsb.fd
File: umsb.fd 2013/01/14 v3.01 AMS symbols B
))
\tf@toc=\write4
\openout4 = `hackpack.toc'.

 (./content/contest/chapter.tex
Chapter 1.
\c@ttl@toc@chapters=\count318
runsystem(rm -f build/kactl.tmp)...executed.

runsystem(python3 content/tex/preprocessor.py -i "content/contest/template.cpp" -o build/kactl.tmp -l rawcpp)...executed.

(./build/kactl.tmp
LaTeX Font Info:    Trying to load font information for OT1+pcr on input line 3.
 (/usr/share/texlive/texmf-dist/tex/latex/psnfss/ot1pcr.fd
File: ot1pcr.fd 2001/06/04 font definitions for OT1/pcr.
))
runsystem(rm -f build/kactl.tmp)...executed.

runsystem(python3 content/tex/preprocessor.py -i "content/contest/.bashrc" -o build/kactl.tmp -l sh)...executed.

 (./build/kactl.tmp (/usr/share/texlive/texmf-dist/tex/latex/listings/lstlang1.sty
File: lstlang1.sty 2020/03/24 1.8d listings language file
) (/usr/share/texlive/texmf-dist/tex/latex/listings/lstlang1.sty
File: lstlang1.sty 2020/03/24 1.8d listings language file
)
LaTeX Font Info:    Trying to load font information for OML+cmr on input line 6.
 (/usr/share/texlive/texmf-dist/tex/latex/base/omlcmr.fd
File: omlcmr.fd 2019/12/16 v2.5j Standard LaTeX font definitions
)
LaTeX Font Info:    Font shape `OML/cmr/m/it' in size <7> not available
(Font)              Font shape `OML/cmm/m/it' tried instead on input line 6.
)
runsystem(rm -f build/kactl.tmp)...executed.

runsystem(python3 content/tex/preprocessor.py -i "content/contest/.vimrc" -o build/kactl.tmp -l raw)...executed.

 (./build/kactl.tmp)
runsystem(rm -f build/kactl.tmp)...executed.

runsystem(python3 content/tex/preprocessor.py -i "content/contest/hash.sh" -o build/kactl.tmp -l raw)...executed.

 (./build/kactl.tmp)
runsystem(rm -f build/kactl.tmp)...executed.

runsystem(python3 content/tex/preprocessor.py -i "content/contest/troubleshoot.txt" -o build/kactl.tmp -l raw)...executed.

 (./build/kactl.tmp))pdfTeX warning (ext4): destination with the same identifier (name{page.1}) has been already used, duplicate ignored
<to be read again> 
                   \relax 
l.21 	\newpage
               [1

] (./content/math/chapter.tex
Chapter 2.
<content/math/sphericalCoordinates.pdf, id=163, 42.67899pt x 42.67899pt>
File: content/math/sphericalCoordinates.pdf Graphic file (type pdf)
<use content/math/sphericalCoordinates.pdf>
Package pdftex.def Info: content/math/sphericalCoordinates.pdf  used on input line 58.
(pdftex.def)             Requested size: 71.13188pt x 71.14337pt.
runsystem(python3 content/tex/preprocessor.py --print-header "|troubleshoot.txt" -o build/header2.tmp)...executed.

(./build/header2.tmp) [2 <./content/math/sphericalCoordinates.pdf>])
runsystem(python3 content/tex/preprocessor.py --print-header "|troubleshoot.txt" -o build/header2.tmp)...executed.

 (./build/header2.tmp) [3] (./content/data-structures/chapter.tex
Chapter 3.
runsystem(rm -f build/kactl.tmp)...executed.

runsystem(python3 content/tex/preprocessor.py -i "content/data-structures/OrderStatisticTree.h" -o build/kactl.tmp )...executed.

(./build/kactl.tmp)
runsystem(rm -f build/kactl.tmp)...executed.

runsystem(python3 content/tex/preprocessor.py -i "content/data-structures/HashMap.h" -o build/kactl.tmp )...executed.

 (./build/kactl.tmp)
runsystem(rm -f build/kactl.tmp)...executed.

runsystem(python3 content/tex/preprocessor.py -i "content/data-structures/SegmentTree.h" -o build/kactl.tmp )...executed.

 (./build/kactl.tmp)
runsystem(rm -f build/kactl.tmp)...executed.

runsystem(python3 content/tex/preprocessor.py -i "content/data-structures/LazySegmentTree.h" -o build/kactl.tmp )...executed.

 (./build/kactl.tmp)
runsystem(rm -f build/kactl.tmp)...executed.

runsystem(python3 content/tex/preprocessor.py -i "content/data-structures/PST.h" -o build/kactl.tmp )...executed.

 (./build/kactl.tmp)
runsystem(rm -f build/kactl.tmp)...executed.

runsystem(python3 content/tex/preprocessor.py -i "content/data-structures/UnionFind.h" -o build/kactl.tmp )...executed.

 (./build/kactl.tmp)
runsystem(rm -f build/kactl.tmp)...executed.

runsystem(python3 content/tex/preprocessor.py -i "content/data-structures/UnionFindRollback.h" -o build/kactl.tmp )...executed.

 (./build/kactl.tmp)
runsystem(python3 content/tex/preprocessor.py --print-header "UnionFindRollback.h|UnionFindRollback.h" -o build/header2.tmp)...executed.

 (./build/header2.tmp) [4]
runsystem(rm -f build/kactl.tmp)...executed.

runsystem(python3 content/tex/preprocessor.py -i "content/data-structures/SubMatrix.h" -o build/kactl.tmp )...executed.

 (./build/kactl.tmp)
runsystem(rm -f build/kactl.tmp)...executed.

runsystem(python3 content/tex/preprocessor.py -i "content/data-structures/Matrix.h" -o build/kactl.tmp )...executed.

 (./build/kactl.tmp
LaTeX Font Info:    Trying to load font information for OMS+pcr on input line 5.
 (/usr/share/texlive/texmf-dist/tex/latex/psnfss/omspcr.fd
File: omspcr.fd 
)
LaTeX Font Info:    Font shape `OMS/pcr/m/n' in size <7> not available
(Font)              Font shape `OMS/cmsy/m/n' tried instead on input line 5.
LaTeX Font Info:    Trying to load font information for T1+pcr on input line 20.
 (/usr/share/texlive/texmf-dist/tex/latex/psnfss/t1pcr.fd
File: t1pcr.fd 2001/06/04 font definitions for T1/pcr.
))
runsystem(rm -f build/kactl.tmp)...executed.

runsystem(python3 content/tex/preprocessor.py -i "content/data-structures/LineContainer.h" -o build/kactl.tmp )...executed.

 (./build/kactl.tmp)
runsystem(rm -f build/kactl.tmp)...executed.

runsystem(python3 content/tex/preprocessor.py -i "content/data-structures/Treap.h" -o build/kactl.tmp )...executed.

 (./build/kactl.tmp)
runsystem(rm -f build/kactl.tmp)...executed.

runsystem(python3 content/tex/preprocessor.py -i "content/data-structures/FenwickTree.h" -o build/kactl.tmp )...executed.

 (./build/kactl.tmp)
runsystem(rm -f build/kactl.tmp)...executed.

runsystem(python3 content/tex/preprocessor.py -i "content/data-structures/FenwickTree2d.h" -o build/kactl.tmp )...executed.

 (./build/kactl.tmp)
runsystem(rm -f build/kactl.tmp)...executed.

runsystem(python3 content/tex/preprocessor.py -i "content/data-structures/RMQ.h" -o build/kactl.tmp )...executed.

 (./build/kactl.tmp
runsystem(python3 content/tex/preprocessor.py --print-header "FenwickTree2d.h|RMQ.h" -o build/header2.tmp)...executed.

 (./build/header2.tmp) [5])
runsystem(rm -f build/kactl.tmp)...executed.

runsystem(python3 content/tex/preprocessor.py -i "content/data-structures/MoQueries.h" -o build/kactl.tmp )...executed.

 (./build/kactl.tmp))
runsystem(python3 content/tex/preprocessor.py --print-header "|MoQueries.h" -o build/header2.tmp)...executed.

 (./build/header2.tmp) [6] (./content/geometry/chapter.tex
Chapter 4.
runsystem(rm -f build/kactl.tmp)...executed.

runsystem(python3 content/tex/preprocessor.py -i "content/geometry/Point.hpp" -o build/kactl.tmp )...executed.

(./build/kactl.tmp)
runsystem(rm -f build/kactl.tmp)...executed.

runsystem(python3 content/tex/preprocessor.py -i "content/geometry/sideOf.hpp" -o build/kactl.tmp )...executed.

 (./build/kactl.tmp)
runsystem(rm -f build/kactl.tmp)...executed.

runsystem(python3 content/tex/preprocessor.py -i "content/geometry/onSeg.hpp" -o build/kactl.tmp )...executed.

 (./build/kactl.tmp)
runsystem(rm -f build/kactl.tmp)...executed.

runsystem(python3 content/tex/preprocessor.py -i "content/geometry/lineIntersection.hpp" -o build/kactl.tmp )...executed.

 (./build/kactl.tmp)
runsystem(rm -f build/kactl.tmp)...executed.

runsystem(python3 content/tex/preprocessor.py -i "content/geometry/doSegIntersection.hpp" -o build/kactl.tmp )...executed.

 (./build/kactl.tmp)
runsystem(rm -f build/kactl.tmp)...executed.

runsystem(python3 content/tex/preprocessor.py -i "content/geometry/segIntersection.hpp" -o build/kactl.tmp )...executed.

 (./build/kactl.tmp
Underfull \hbox (badness 10000) in paragraph at lines 5--5
\OT1/pcr/m/n/7 intersection. If 1 point, the segments intersect at a distinct
 []


Underfull \hbox (badness 10000) in paragraph at lines 5--5
\OT1/pcr/m/n/7 point. If 2 points, the segments intersect at a segment of
 []

)
runsystem(rm -f build/kactl.tmp)...executed.

runsystem(python3 content/tex/preprocessor.py -i "content/geometry/lineDistance.hpp" -o build/kactl.tmp )...executed.

 (./build/kactl.tmp)
runsystem(rm -f build/kactl.tmp)...executed.

runsystem(python3 content/tex/preprocessor.py -i "content/geometry/segDistance.hpp" -o build/kactl.tmp )...executed.

 (./build/kactl.tmp)
runsystem(rm -f build/kactl.tmp)...executed.

runsystem(python3 content/tex/preprocessor.py -i "content/geometry/polygonArea.hpp" -o build/kactl.tmp )...executed.

 (./build/kactl.tmp
Underfull \hbox (badness 10000) in paragraph at lines 7--7
\OT1/cmr/bx/n/7 Usage: \OT1/pcr/m/n/7 If area is negative, points are given cw, otherwise
 []

)
runsystem(rm -f build/kactl.tmp)...executed.

runsystem(python3 content/tex/preprocessor.py -i "content/geometry/inPolygon.hpp" -o build/kactl.tmp )...executed.

 (./build/kactl.tmp)
runsystem(rm -f build/kactl.tmp)...executed.

runsystem(python3 content/tex/preprocessor.py -i "content/geometry/convexHull.hpp" -o build/kactl.tmp )...executed.

 (./build/kactl.tmp)
runsystem(rm -f build/kactl.tmp)...executed.

runsystem(python3 content/tex/preprocessor.py -i "content/geometry/hullDiameter.hpp" -o build/kactl.tmp )...executed.

 (./build/kactl.tmp)
runsystem(rm -f build/kactl.tmp)...executed.

runsystem(python3 content/tex/preprocessor.py -i "content/geometry/hullTangents.hpp" -o build/kactl.tmp )...executed.

 (./build/kactl.tmp
runsystem(python3 content/tex/preprocessor.py --print-header "hullTangents.hpp|hullTangents.hpp" -o build/header2.tmp)...executed.

 (./build/header2.tmp) [7])
runsystem(rm -f build/kactl.tmp)...executed.

runsystem(python3 content/tex/preprocessor.py -i "content/geometry/inHull.hpp" -o build/kactl.tmp )...executed.

 (./build/kactl.tmp)
runsystem(rm -f build/kactl.tmp)...executed.

runsystem(python3 content/tex/preprocessor.py -i "content/geometry/polygonClipping.hpp" -o build/kactl.tmp )...executed.

 (./build/kactl.tmp)
runsystem(rm -f build/kactl.tmp)...executed.

runsystem(python3 content/tex/preprocessor.py -i "content/geometry/halfplaneIntersection.hpp" -o build/kactl.tmp )...executed.

 (./build/kactl.tmp)
runsystem(rm -f build/kactl.tmp)...executed.

runsystem(python3 content/tex/preprocessor.py -i "content/geometry/centerOfMass.hpp" -o build/kactl.tmp )...executed.

 (./build/kactl.tmp)
runsystem(rm -f build/kactl.tmp)...executed.

runsystem(python3 content/tex/preprocessor.py -i "content/geometry/minkowskiSum.hpp" -o build/kactl.tmp )...executed.

 (./build/kactl.tmp)
runsystem(rm -f build/kactl.tmp)...executed.

runsystem(python3 content/tex/preprocessor.py -i "content/geometry/CircleLine.hpp" -o build/kactl.tmp )...executed.

 (./build/kactl.tmp)
runsystem(rm -f build/kactl.tmp)...executed.

runsystem(python3 content/tex/preprocessor.py -i "content/geometry/CircleIntersection.hpp" -o build/kactl.tmp )...executed.

 (./build/kactl.tmp)
runsystem(rm -f build/kactl.tmp)...executed.

runsystem(python3 content/tex/preprocessor.py -i "content/geometry/CirclePolygonIntersection.hpp" -o build/kactl.tmp )...executed.

 (./build/kactl.tmp)
runsystem(python3 content/tex/preprocessor.py --print-header "CirclePolygonIntersection.hpp|CirclePolygonIntersection.hpp" -o build/header2.tmp)...executed.

 (./build/header2.tmp) [8]
runsystem(rm -f build/kactl.tmp)...executed.

runsystem(python3 content/tex/preprocessor.py -i "content/geometry/CircleTangents.hpp" -o build/kactl.tmp )...executed.

 (./build/kactl.tmp)
runsystem(rm -f build/kactl.tmp)...executed.

runsystem(python3 content/tex/preprocessor.py -i "content/geometry/MinimumEnclosingCircle.hpp" -o build/kactl.tmp )...executed.

 (./build/kactl.tmp)
runsystem(rm -f build/kactl.tmp)...executed.

runsystem(python3 content/tex/preprocessor.py -i "content/geometry/Point3D.hpp" -o build/kactl.tmp )...executed.

 (./build/kactl.tmp)
runsystem(rm -f build/kactl.tmp)...executed.

runsystem(python3 content/tex/preprocessor.py -i "content/geometry/PolyhedronVolume.hpp" -o build/kactl.tmp )...executed.

 (./build/kactl.tmp)
runsystem(rm -f build/kactl.tmp)...executed.

runsystem(python3 content/tex/preprocessor.py -i "content/geometry/ClosestPair.hpp" -o build/kactl.tmp )...executed.

 (./build/kactl.tmp)
runsystem(rm -f build/kactl.tmp)...executed.

runsystem(python3 content/tex/preprocessor.py -i "content/geometry/FastDelaunay.hpp" -o build/kactl.tmp )...executed.

 (./build/kactl.tmp
LaTeX Font Info:    Trying to load font information for OMS+cmr on input line 6.
 (/usr/share/texlive/texmf-dist/tex/latex/base/omscmr.fd
File: omscmr.fd 2019/12/16 v2.5j Standard LaTeX font definitions
)
LaTeX Font Info:    Font shape `OMS/cmr/m/n' in size <7> not available
(Font)              Font shape `OMS/cmsy/m/n' tried instead on input line 6.
runsystem(python3 content/tex/preprocessor.py --print-header "|FastDelaunay.hpp" -o build/header2.tmp)...executed.

 (./build/header2.tmp) [9]))
runsystem(python3 content/tex/preprocessor.py --print-header "|FastDelaunay.hpp" -o build/header2.tmp)...executed.

 (./build/header2.tmp) [10] (./content/graphs/chapter.tex
Chapter 5.
runsystem(rm -f build/kactl.tmp)...executed.

runsystem(python3 content/tex/preprocessor.py -i "content/graphs/BellmanFord.h" -o build/kactl.tmp )...executed.

(./build/kactl.tmp)
runsystem(rm -f build/kactl.tmp)...executed.

runsystem(python3 content/tex/preprocessor.py -i "content/graphs/FloydWarshall.h" -o build/kactl.tmp )...executed.

 (./build/kactl.tmp)
runsystem(rm -f build/kactl.tmp)...executed.

runsystem(python3 content/tex/preprocessor.py -i "content/graphs/TopSort.h" -o build/kactl.tmp )...executed.

 (./build/kactl.tmp)
runsystem(rm -f build/kactl.tmp)...executed.

runsystem(python3 content/tex/preprocessor.py -i "content/graphs/PushRelabel.h" -o build/kactl.tmp )...executed.

 (./build/kactl.tmp)
runsystem(rm -f build/kactl.tmp)...executed.

runsystem(python3 content/tex/preprocessor.py -i "content/graphs/MinCostMaxFlow.h" -o build/kactl.tmp )...executed.

 (./build/kactl.tmp)
runsystem(rm -f build/kactl.tmp)...executed.

runsystem(python3 content/tex/preprocessor.py -i "content/graphs/MinCostMaxFlowDijkstra.h" -o build/kactl.tmp )...executed.

 (./build/kactl.tmp
runsystem(python3 content/tex/preprocessor.py --print-header "MinCostMaxFlowDijkstra.h|MinCostMaxFlowDijkstra.h" -o build/header2.tmp)...executed.

 (./build/header2.tmp) [11])
runsystem(rm -f build/kactl.tmp)...executed.

runsystem(python3 content/tex/preprocessor.py -i "content/graphs/EdmondsKarp.h" -o build/kactl.tmp )...executed.

 (./build/kactl.tmp)
runsystem(rm -f build/kactl.tmp)...executed.

runsystem(python3 content/tex/preprocessor.py -i "content/graphs/Dinic.h" -o build/kactl.tmp )...executed.

 (./build/kactl.tmp)
runsystem(rm -f build/kactl.tmp)...executed.

runsystem(python3 content/tex/preprocessor.py -i "content/graphs/MinCut.h" -o build/kactl.tmp )...executed.

 (./build/kactl.tmp)
runsystem(rm -f build/kactl.tmp)...executed.

runsystem(python3 content/tex/preprocessor.py -i "content/graphs/GlobalMinCut.h" -o build/kactl.tmp )...executed.

 (./build/kactl.tmp
LaTeX Font Info:    Font shape `T1/pcr/m/it' in size <7> not available
(Font)              Font shape `T1/pcr/m/sl' tried instead on input line 14.
)
runsystem(rm -f build/kactl.tmp)...executed.

runsystem(python3 content/tex/preprocessor.py -i "content/graphs/GomoryHu.h" -o build/kactl.tmp )...executed.

 (./build/kactl.tmp)
runsystem(rm -f build/kactl.tmp)...executed.

runsystem(python3 content/tex/preprocessor.py -i "content/graphs/hopcroftKarp.h" -o build/kactl.tmp )...executed.

 (./build/kactl.tmp
runsystem(python3 content/tex/preprocessor.py --print-header "hopcroftKarp.h|hopcroftKarp.h" -o build/header2.tmp)...executed.

 (./build/header2.tmp) [12])
runsystem(rm -f build/kactl.tmp)...executed.

runsystem(python3 content/tex/preprocessor.py -i "content/graphs/DFSMatching.h" -o build/kactl.tmp )...executed.

 (./build/kactl.tmp)
runsystem(rm -f build/kactl.tmp)...executed.

runsystem(python3 content/tex/preprocessor.py -i "content/graphs/MinimumVertexCover.h" -o build/kactl.tmp )...executed.

 (./build/kactl.tmp)
runsystem(rm -f build/kactl.tmp)...executed.

runsystem(python3 content/tex/preprocessor.py -i "content/graphs/WeightedMatching.h" -o build/kactl.tmp )...executed.

 (./build/kactl.tmp)
runsystem(rm -f build/kactl.tmp)...executed.

runsystem(python3 content/tex/preprocessor.py -i "content/graphs/GeneralMatching.h" -o build/kactl.tmp )...executed.

 (./build/kactl.tmp)
runsystem(rm -f build/kactl.tmp)...executed.

runsystem(python3 content/tex/preprocessor.py -i "content/graphs/SCC.h" -o build/kactl.tmp )...executed.

 (./build/kactl.tmp)
runsystem(rm -f build/kactl.tmp)...executed.

runsystem(python3 content/tex/preprocessor.py -i "content/graphs/BiconnectedComponents.h" -o build/kactl.tmp )...executed.

 (./build/kactl.tmp
runsystem(python3 content/tex/preprocessor.py --print-header "BiconnectedComponents.h|BiconnectedComponents.h" -o build/header2.tmp)...executed.

 (./build/header2.tmp) [13])
runsystem(rm -f build/kactl.tmp)...executed.

runsystem(python3 content/tex/preprocessor.py -i "content/graphs/2sat.h" -o build/kactl.tmp )...executed.

 (./build/kactl.tmp)
runsystem(rm -f build/kactl.tmp)...executed.

runsystem(python3 content/tex/preprocessor.py -i "content/graphs/EulerWalk.h" -o build/kactl.tmp )...executed.

 (./build/kactl.tmp)
runsystem(rm -f build/kactl.tmp)...executed.

runsystem(python3 content/tex/preprocessor.py -i "content/graphs/DominatorTree.h" -o build/kactl.tmp )...executed.

 (./build/kactl.tmp)
runsystem(rm -f build/kactl.tmp)...executed.

runsystem(python3 content/tex/preprocessor.py -i "content/graphs/EdgeColoring.h" -o build/kactl.tmp )...executed.

 (./build/kactl.tmp
runsystem(python3 content/tex/preprocessor.py --print-header "EdgeColoring.h|EdgeColoring.h" -o build/header2.tmp)...executed.

 (./build/header2.tmp) [14])
runsystem(rm -f build/kactl.tmp)...executed.

runsystem(python3 content/tex/preprocessor.py -i "content/graphs/MaximalCliques.h" -o build/kactl.tmp )...executed.

 (./build/kactl.tmp)
runsystem(rm -f build/kactl.tmp)...executed.

runsystem(python3 content/tex/preprocessor.py -i "content/graphs/MaximumClique.h" -o build/kactl.tmp )...executed.

 (./build/kactl.tmp)
runsystem(rm -f build/kactl.tmp)...executed.

runsystem(python3 content/tex/preprocessor.py -i "content/graphs/MaximumIndependentSet.h" -o build/kactl.tmp )...executed.

 (./build/kactl.tmp)
runsystem(rm -f build/kactl.tmp)...executed.

runsystem(python3 content/tex/preprocessor.py -i "content/graphs/BinaryLifting.h" -o build/kactl.tmp )...executed.

 (./build/kactl.tmp)
runsystem(rm -f build/kactl.tmp)...executed.

runsystem(python3 content/tex/preprocessor.py -i "content/graphs/LCA.h" -o build/kactl.tmp )...executed.

 (./build/kactl.tmp
LaTeX Font Info:    Font shape `OMS/cmr/m/it' in size <7> not available
(Font)              Font shape `OMS/cmsy/m/n' tried instead on input line 26.
)
runsystem(rm -f build/kactl.tmp)...executed.

runsystem(python3 content/tex/preprocessor.py -i "content/graphs/CentroidDecomp.h" -o build/kactl.tmp )...executed.

 (./build/kactl.tmp)
runsystem(rm -f build/kactl.tmp)...executed.

runsystem(python3 content/tex/preprocessor.py -i "content/graphs/CompressTree.h" -o build/kactl.tmp )...executed.

 (./build/kactl.tmp
runsystem(python3 content/tex/preprocessor.py --print-header "CentroidDecomp.h|CompressTree.h" -o build/header2.tmp)...executed.

 (./build/header2.tmp) [15])
runsystem(rm -f build/kactl.tmp)...executed.

runsystem(python3 content/tex/preprocessor.py -i "content/graphs/HLD.h" -o build/kactl.tmp )...executed.

 (./build/kactl.tmp)
runsystem(rm -f build/kactl.tmp)...executed.

runsystem(python3 content/tex/preprocessor.py -i "content/graphs/LinkCutTree.h" -o build/kactl.tmp )...executed.

 (./build/kactl.tmp)
runsystem(rm -f build/kactl.tmp)...executed.

runsystem(python3 content/tex/preprocessor.py -i "content/graphs/DirectedMST.h" -o build/kactl.tmp )...executed.

 (./build/kactl.tmp
runsystem(python3 content/tex/preprocessor.py --print-header "DirectedMST.h|DirectedMST.h" -o build/header2.tmp)...executed.

 (./build/header2.tmp) [16]))
runsystem(python3 content/tex/preprocessor.py --print-header "|DirectedMST.h" -o build/header2.tmp)...executed.

 (./build/header2.tmp) [17] (./content/numerical/chapter.tex
Chapter 6.
runsystem(rm -f build/kactl.tmp)...executed.

runsystem(python3 content/tex/preprocessor.py -i "content/numerical/Polynomial.h" -o build/kactl.tmp )...executed.

(./build/kactl.tmp)
runsystem(rm -f build/kactl.tmp)...executed.

runsystem(python3 content/tex/preprocessor.py -i "content/numerical/PolyRoots.h" -o build/kactl.tmp )...executed.

 (./build/kactl.tmp)
runsystem(rm -f build/kactl.tmp)...executed.

runsystem(python3 content/tex/preprocessor.py -i "content/numerical/PolyInterpolate.h" -o build/kactl.tmp )...executed.

 (./build/kactl.tmp)
runsystem(rm -f build/kactl.tmp)...executed.

runsystem(python3 content/tex/preprocessor.py -i "content/numerical/BerlekampMassey.h" -o build/kactl.tmp )...executed.

 (./build/kactl.tmp)
runsystem(rm -f build/kactl.tmp)...executed.

runsystem(python3 content/tex/preprocessor.py -i "content/numerical/LinearRecurrence.h" -o build/kactl.tmp )...executed.

 (./build/kactl.tmp)
runsystem(rm -f build/kactl.tmp)...executed.

runsystem(python3 content/tex/preprocessor.py -i "content/numerical/GoldenSectionSearch.h" -o build/kactl.tmp )...executed.

 (./build/kactl.tmp)
runsystem(rm -f build/kactl.tmp)...executed.

runsystem(python3 content/tex/preprocessor.py -i "content/numerical/HillClimbing.h" -o build/kactl.tmp )...executed.

 (./build/kactl.tmp)
runsystem(rm -f build/kactl.tmp)...executed.

runsystem(python3 content/tex/preprocessor.py -i "content/numerical/Integrate.h" -o build/kactl.tmp )...executed.

 (./build/kactl.tmp)
runsystem(rm -f build/kactl.tmp)...executed.

runsystem(python3 content/tex/preprocessor.py -i "content/numerical/IntegrateAdaptive.h" -o build/kactl.tmp )...executed.

 (./build/kactl.tmp
runsystem(python3 content/tex/preprocessor.py --print-header "IntegrateAdaptive.h|IntegrateAdaptive.h" -o build/header2.tmp)...executed.

 (./build/header2.tmp) [18])
runsystem(rm -f build/kactl.tmp)...executed.

runsystem(python3 content/tex/preprocessor.py -i "content/numerical/IntegrateAdaptiveTyler.h" -o build/kactl.tmp )...executed.

 (./build/kactl.tmp)
runsystem(rm -f build/kactl.tmp)...executed.

runsystem(python3 content/tex/preprocessor.py -i "content/numerical/RungeKutta4.h" -o build/kactl.tmp )...executed.

 (./build/kactl.tmp)
runsystem(rm -f build/kactl.tmp)...executed.

runsystem(python3 content/tex/preprocessor.py -i "content/numerical/Simplex.h" -o build/kactl.tmp )...executed.

 (./build/kactl.tmp)
runsystem(rm -f build/kactl.tmp)...executed.

runsystem(python3 content/tex/preprocessor.py -i "content/numerical/Determinant.h" -o build/kactl.tmp )...executed.

 (./build/kactl.tmp)
runsystem(rm -f build/kactl.tmp)...executed.

runsystem(python3 content/tex/preprocessor.py -i "content/numerical/IntDeterminant.h" -o build/kactl.tmp )...executed.

 (./build/kactl.tmp)
runsystem(rm -f build/kactl.tmp)...executed.

runsystem(python3 content/tex/preprocessor.py -i "content/numerical/SolveLinear.h" -o build/kactl.tmp )...executed.

 (./build/kactl.tmp
runsystem(python3 content/tex/preprocessor.py --print-header "SolveLinear.h|SolveLinear.h" -o build/header2.tmp)...executed.

 (./build/header2.tmp) [19])
runsystem(rm -f build/kactl.tmp)...executed.

runsystem(python3 content/tex/preprocessor.py -i "content/numerical/SolveLinear2.h" -o build/kactl.tmp )...executed.

 (./build/kactl.tmp)
runsystem(rm -f build/kactl.tmp)...executed.

runsystem(python3 content/tex/preprocessor.py -i "content/numerical/SolveLinearBinary.h" -o build/kactl.tmp )...executed.

 (./build/kactl.tmp)
runsystem(rm -f build/kactl.tmp)...executed.

runsystem(python3 content/tex/preprocessor.py -i "content/numerical/MatrixInverse.h" -o build/kactl.tmp )...executed.

 (./build/kactl.tmp)
runsystem(rm -f build/kactl.tmp)...executed.

runsystem(python3 content/tex/preprocessor.py -i "content/numerical/MatrixInverse-mod.h" -o build/kactl.tmp )...executed.

 (./build/kactl.tmp)
runsystem(rm -f build/kactl.tmp)...executed.

runsystem(python3 content/tex/preprocessor.py -i "content/numerical/Tridiagonal.h" -o build/kactl.tmp )...executed.

 (./build/kactl.tmp)
runsystem(rm -f build/kactl.tmp)...executed.

runsystem(python3 content/tex/preprocessor.py -i "content/numerical/JacobianMatrix.h" -o build/kactl.tmp )...executed.

 (./build/kactl.tmp
runsystem(python3 content/tex/preprocessor.py --print-header "Tridiagonal.h|JacobianMatrix.h" -o build/header2.tmp)...executed.

 (./build/header2.tmp) [20])
runsystem(rm -f build/kactl.tmp)...executed.

runsystem(python3 content/tex/preprocessor.py -i "content/numerical/NewtonsMethod.h" -o build/kactl.tmp )...executed.

 (./build/kactl.tmp)
runsystem(rm -f build/kactl.tmp)...executed.

runsystem(python3 content/tex/preprocessor.py -i "content/numerical/FastFourierTransform.h" -o build/kactl.tmp )...executed.

 (./build/kactl.tmp)
runsystem(rm -f build/kactl.tmp)...executed.

runsystem(python3 content/tex/preprocessor.py -i "content/numerical/FastFourierTransformMod.h" -o build/kactl.tmp )...executed.

 (./build/kactl.tmp)
runsystem(rm -f build/kactl.tmp)...executed.

runsystem(python3 content/tex/preprocessor.py -i "content/numerical/NumberTheoreticTransform.h" -o build/kactl.tmp )...executed.

 (./build/kactl.tmp)
runsystem(rm -f build/kactl.tmp)...executed.

runsystem(python3 content/tex/preprocessor.py -i "content/numerical/FastSubsetTransform.h" -o build/kactl.tmp )...executed.

 (./build/kactl.tmp))
runsystem(python3 content/tex/preprocessor.py --print-header "FastSubsetTransform.h|FastSubsetTransform.h" -o build/header2.tmp)...executed.

 (./build/header2.tmp) [21] (./content/number-theory/chapter.tex
Chapter 7.
runsystem(rm -f build/kactl.tmp)...executed.

runsystem(python3 content/tex/preprocessor.py -i "content/number-theory/ModularArithmetic.h" -o build/kactl.tmp )...executed.

(./build/kactl.tmp)
runsystem(rm -f build/kactl.tmp)...executed.

runsystem(python3 content/tex/preprocessor.py -i "content/number-theory/ModInverse.h" -o build/kactl.tmp )...executed.

 (./build/kactl.tmp)
runsystem(rm -f build/kactl.tmp)...executed.

runsystem(python3 content/tex/preprocessor.py -i "content/number-theory/ModPow.h" -o build/kactl.tmp )...executed.

 (./build/kactl.tmp)
runsystem(rm -f build/kactl.tmp)...executed.

runsystem(python3 content/tex/preprocessor.py -i "content/number-theory/ModLog.h" -o build/kactl.tmp )...executed.

 (./build/kactl.tmp)
runsystem(rm -f build/kactl.tmp)...executed.

runsystem(python3 content/tex/preprocessor.py -i "content/number-theory/ModSum.h" -o build/kactl.tmp )...executed.

 (./build/kactl.tmp)
runsystem(rm -f build/kactl.tmp)...executed.

runsystem(python3 content/tex/preprocessor.py -i "content/number-theory/ModMulLL.h" -o build/kactl.tmp )...executed.

 (./build/kactl.tmp)
runsystem(rm -f build/kactl.tmp)...executed.

runsystem(python3 content/tex/preprocessor.py -i "content/number-theory/ModSqrt.h" -o build/kactl.tmp )...executed.

 (./build/kactl.tmp)
runsystem(rm -f build/kactl.tmp)...executed.

runsystem(python3 content/tex/preprocessor.py -i "content/number-theory/FastEratosthenes.h" -o build/kactl.tmp )...executed.

 (./build/kactl.tmp)
runsystem(rm -f build/kactl.tmp)...executed.

runsystem(python3 content/tex/preprocessor.py -i "content/number-theory/LinearSieve.h" -o build/kactl.tmp )...executed.

 (./build/kactl.tmp)
runsystem(rm -f build/kactl.tmp)...executed.

runsystem(python3 content/tex/preprocessor.py -i "content/number-theory/MillerRabin.h" -o build/kactl.tmp )...executed.

 (./build/kactl.tmp)
runsystem(rm -f build/kactl.tmp)...executed.

runsystem(python3 content/tex/preprocessor.py -i "content/number-theory/Factor.h" -o build/kactl.tmp )...executed.

 (./build/kactl.tmp
runsystem(python3 content/tex/preprocessor.py --print-header "Factor.h|Factor.h" -o build/header2.tmp)...executed.

 (./build/header2.tmp) [22])
runsystem(rm -f build/kactl.tmp)...executed.

runsystem(python3 content/tex/preprocessor.py -i "content/number-theory/GetFactors.h" -o build/kactl.tmp )...executed.

 (./build/kactl.tmp)
runsystem(rm -f build/kactl.tmp)...executed.

runsystem(python3 content/tex/preprocessor.py -i "content/number-theory/euclid.h" -o build/kactl.tmp )...executed.

 (./build/kactl.tmp)
runsystem(rm -f build/kactl.tmp)...executed.

runsystem(python3 content/tex/preprocessor.py -i "content/number-theory/CRT.h" -o build/kactl.tmp )...executed.

 (./build/kactl.tmp)
runsystem(rm -f build/kactl.tmp)...executed.

runsystem(python3 content/tex/preprocessor.py -i "content/number-theory/phiFunction.h" -o build/kactl.tmp )...executed.

 (./build/kactl.tmp)
runsystem(rm -f build/kactl.tmp)...executed.

runsystem(python3 content/tex/preprocessor.py -i "content/number-theory/ContinuedFractions.h" -o build/kactl.tmp )...executed.

 (./build/kactl.tmp)
runsystem(rm -f build/kactl.tmp)...executed.

runsystem(python3 content/tex/preprocessor.py -i "content/number-theory/FracBinarySearch.h" -o build/kactl.tmp )...executed.

 (./build/kactl.tmp))
runsystem(python3 content/tex/preprocessor.py --print-header "|FracBinarySearch.h" -o build/header2.tmp)...executed.

 (./build/header2.tmp) [23] (./content/combinatorial/chapter.tex
Chapter 8.
(./content/combinatorial/factorial.tex)
runsystem(rm -f build/kactl.tmp)...executed.

runsystem(python3 content/tex/preprocessor.py -i "content/combinatorial/IntPerm.h" -o build/kactl.tmp )...executed.

 (./build/kactl.tmp)
runsystem(rm -f build/kactl.tmp)...executed.

runsystem(python3 content/tex/preprocessor.py -i "content/combinatorial/multinomial.h" -o build/kactl.tmp )...executed.

 (./build/kactl.tmp))
runsystem(python3 content/tex/preprocessor.py --print-header "|multinomial.h" -o build/header2.tmp)...executed.

 (./build/header2.tmp) [24] (./content/strings/chapter.tex
Chapter 9.
runsystem(rm -f build/kactl.tmp)...executed.

runsystem(python3 content/tex/preprocessor.py -i "content/strings/KMP.h" -o build/kactl.tmp )...executed.

(./build/kactl.tmp)
runsystem(rm -f build/kactl.tmp)...executed.

runsystem(python3 content/tex/preprocessor.py -i "content/strings/Zfunc.h" -o build/kactl.tmp )...executed.

 (./build/kactl.tmp)
runsystem(rm -f build/kactl.tmp)...executed.

runsystem(python3 content/tex/preprocessor.py -i "content/strings/Manacher.h" -o build/kactl.tmp )...executed.

 (./build/kactl.tmp)
runsystem(rm -f build/kactl.tmp)...executed.

runsystem(python3 content/tex/preprocessor.py -i "content/strings/Eertree.h" -o build/kactl.tmp )...executed.

 (./build/kactl.tmp)
runsystem(rm -f build/kactl.tmp)...executed.

runsystem(python3 content/tex/preprocessor.py -i "content/strings/MinRotation.h" -o build/kactl.tmp )...executed.

 (./build/kactl.tmp)
runsystem(rm -f build/kactl.tmp)...executed.

runsystem(python3 content/tex/preprocessor.py -i "content/strings/SuffixArray.h" -o build/kactl.tmp )...executed.

 (./build/kactl.tmp)
runsystem(rm -f build/kactl.tmp)...executed.

runsystem(python3 content/tex/preprocessor.py -i "content/strings/SuffixAutomaton.h" -o build/kactl.tmp )...executed.

 (./build/kactl.tmp)
runsystem(rm -f build/kactl.tmp)...executed.

runsystem(python3 content/tex/preprocessor.py -i "content/strings/SuffixTree.h" -o build/kactl.tmp )...executed.

 (./build/kactl.tmp
runsystem(python3 content/tex/preprocessor.py --print-header "SuffixTree.h|SuffixTree.h" -o build/header2.tmp)...executed.

 (./build/header2.tmp) [25])
runsystem(rm -f build/kactl.tmp)...executed.

runsystem(python3 content/tex/preprocessor.py -i "content/strings/Hashing.h" -o build/kactl.tmp )...executed.

 (./build/kactl.tmp)
runsystem(rm -f build/kactl.tmp)...executed.

runsystem(python3 content/tex/preprocessor.py -i "content/strings/AhoCorasick.h" -o build/kactl.tmp )...executed.

 (./build/kactl.tmp)
runsystem(rm -f build/kactl.tmp)...executed.

runsystem(python3 content/tex/preprocessor.py -i "content/strings/AhoCorasick-Tyler.h" -o build/kactl.tmp )...executed.

 (./build/kactl.tmp
LaTeX Font Info:    Trying to load font information for TS1+pcr on input line 15.
 (/usr/share/texlive/texmf-dist/tex/latex/psnfss/ts1pcr.fd
File: ts1pcr.fd 2001/06/04 font definitions for TS1/pcr.
)))
runsystem(python3 content/tex/preprocessor.py --print-header "AhoCorasick-Tyler.h|AhoCorasick-Tyler.h" -o build/header2.tmp)...executed.

 (./build/header2.tmp) [26]
runsystem(python3 content/tex/preprocessor.py --print-header "|AhoCorasick-Tyler.h" -o build/header2.tmp)...executed.

 (./build/header2.tmp) [27] (./content/various/chapter.tex
Chapter 10.
runsystem(rm -f build/kactl.tmp)...executed.

runsystem(python3 content/tex/preprocessor.py -i "content/various/IntervalContainer.h" -o build/kactl.tmp )...executed.

(./build/kactl.tmp)
runsystem(rm -f build/kactl.tmp)...executed.

runsystem(python3 content/tex/preprocessor.py -i "content/various/IntervalCover.h" -o build/kactl.tmp )...executed.

 (./build/kactl.tmp)
runsystem(rm -f build/kactl.tmp)...executed.

runsystem(python3 content/tex/preprocessor.py -i "content/various/ConstantIntervals.h" -o build/kactl.tmp )...executed.

 (./build/kactl.tmp
Underfull \hbox (badness 10000) in paragraph at lines 6--6
\OT1/cmr/bx/n/7 Usage: \OT1/pcr/m/n/7 constantIntervals(0, sz(v), [&](int x)\OMS/cmsy/m/n/7 f\OT1/pcr/m/n/7 return v[x];\OMS/cmsy/m/n/7 g\OT1/pcr/m/n/7 ,
 []

)
runsystem(rm -f build/kactl.tmp)...executed.

runsystem(python3 content/tex/preprocessor.py -i "content/various/TernarySearch.h" -o build/kactl.tmp )...executed.

 (./build/kactl.tmp)
runsystem(rm -f build/kactl.tmp)...executed.

runsystem(python3 content/tex/preprocessor.py -i "content/various/LIS.h" -o build/kactl.tmp )...executed.

 (./build/kactl.tmp)
runsystem(rm -f build/kactl.tmp)...executed.

runsystem(python3 content/tex/preprocessor.py -i "content/various/FastKnapsack.h" -o build/kactl.tmp )...executed.

 (./build/kactl.tmp)
runsystem(rm -f build/kactl.tmp)...executed.

runsystem(python3 content/tex/preprocessor.py -i "content/various/KnuthDP.h" -o build/kactl.tmp )...executed.

 (./build/kactl.tmp)
runsystem(rm -f build/kactl.tmp)...executed.

runsystem(python3 content/tex/preprocessor.py -i "content/various/DivideAndConquerDP.h" -o build/kactl.tmp )...executed.

 (./build/kactl.tmp)
runsystem(python3 content/tex/preprocessor.py --print-header "DivideAndConquerDP.h|DivideAndConquerDP.h" -o build/header2.tmp)...executed.

 (./build/header2.tmp) [28]
runsystem(rm -f build/kactl.tmp)...executed.

runsystem(python3 content/tex/preprocessor.py -i "content/various/FastMod.h" -o build/kactl.tmp )...executed.

 (./build/kactl.tmp)
runsystem(rm -f build/kactl.tmp)...executed.

runsystem(python3 content/tex/preprocessor.py -i "content/various/FastInput.h" -o build/kactl.tmp )...executed.

 (./build/kactl.tmp)
runsystem(rm -f build/kactl.tmp)...executed.

runsystem(python3 content/tex/preprocessor.py -i "content/various/BumpAllocator.h" -o build/kactl.tmp )...executed.

 (./build/kactl.tmp)
runsystem(rm -f build/kactl.tmp)...executed.

runsystem(python3 content/tex/preprocessor.py -i "content/various/SmallPtr.h" -o build/kactl.tmp )...executed.

 (./build/kactl.tmp)
runsystem(rm -f build/kactl.tmp)...executed.

runsystem(python3 content/tex/preprocessor.py -i "content/various/BumpAllocatorSTL.h" -o build/kactl.tmp )...executed.

 (./build/kactl.tmp)
runsystem(rm -f build/kactl.tmp)...executed.

runsystem(python3 content/tex/preprocessor.py -i "content/various/SIMD.h" -o build/kactl.tmp )...executed.

 (./build/kactl.tmp))
runsystem(python3 content/tex/preprocessor.py --print-header "|SIMD.h" -o build/header2.tmp)...executed.

 (./build/header2.tmp) [29]
\tf@ptc=\write5
\openout5 = `hackpack.ptc'.

runsystem(rm -f build/header.tmp)...executed.

runsystem(rm -f build/header2.tmp)...executed.

runsystem(rm -f build/kactl.tmp)...executed.

 (build//hackpack.aux)
Package rerunfilecheck Info: File `hackpack.out' has not changed.
(rerunfilecheck)             Checksum: E3E59331B3E4BBA0CCF76D6568C9FE37;961.
 ) 
Here is how much of TeX's memory you used:
 20549 strings out of 480247
 310511 string characters out of 5896151
 2120313 words of memory out of 5000000
 34283 multiletter control sequences out of 15000+600000
 485015 words of font info for 87 fonts, out of 8000000 for 9000
 14 hyphenation exceptions out of 8191
 75i,16n,77p,1274b,2229s stack positions out of 5000i,500n,10000p,200000b,80000s
 </home/runner/.texlive2021/texmf-var/fonts/pk/ljfour/jknappen/ec/tcrm0900.600pk>{/usr/share/texlive/texmf-dist/fonts/enc/dvips/base/8r.enc} </home/runner/.texlive2021/texmf-var/fonts/pk/ljfour/jknappen/ec/tcti0700.600pk></usr/share/texlive/texmf-dist/fonts/type1/public/amsfonts/cm/cmbx10.pfb></usr/share/texlive/texmf-dist/fonts/type1/public/amsfonts/cm/cmbx12.pfb></usr/share/texlive/texmf-dist/fonts/type1/public/amsfonts/cm/cmbx6.pfb></usr/share/texlive/texmf-dist/fonts/type1/public/amsfonts/cm/cmbx7.pfb></usr/share/texlive/texmf-dist/fonts/type1/public/amsfonts/cm/cmbx8.pfb></usr/share/texlive/texmf-dist/fonts/type1/public/amsfonts/cm/cmbx9.pfb></usr/share/texlive/texmf-dist/fonts/type1/public/amsfonts/cmextra/cmex7.pfb></usr/share/texlive/texmf-dist/fonts/type1/public/amsfonts/cmextra/cmex8.pfb></usr/share/texlive/texmf-dist/fonts/type1/public/amsfonts/cmextra/cmex9.pfb></usr/share/texlive/texmf-dist/fonts/type1/public/amsfonts/cm/cmmi5.pfb></usr/share/texlive/texmf-dist/fonts/type1/public/amsfonts/cm/cmmi6.pfb></usr/share/texlive/texmf-dist/fonts/type1/public/amsfonts/cm/cmmi7.pfb></usr/share/texlive/texmf-dist/fonts/type1/public/amsfonts/cm/cmmi8.pfb></usr/share/texlive/texmf-dist/fonts/type1/public/amsfonts/cm/cmmi9.pfb></usr/share/texlive/texmf-dist/fonts/type1/public/amsfonts/cm/cmr10.pfb></usr/share/texlive/texmf-dist/fonts/type1/public/amsfonts/cm/cmr12.pfb></usr/share/texlive/texmf-dist/fonts/type1/public/amsfonts/cm/cmr17.pfb></usr/share/texlive/texmf-dist/fonts/type1/public/amsfonts/cm/cmr5.pfb></usr/share/texlive/texmf-dist/fonts/type1/public/amsfonts/cm/cmr6.pfb></usr/share/texlive/texmf-dist/fonts/type1/public/amsfonts/cm/cmr7.pfb></usr/share/texlive/texmf-dist/fonts/type1/public/amsfonts/cm/cmr8.pfb></usr/share/texlive/texmf-dist/fonts/type1/public/amsfonts/cm/cmr9.pfb></usr/share/texlive/texmf-dist/fonts/type1/public/amsfonts/cm/cmsy5.pfb></usr/share/texlive/texmf-dist/fonts/type1/public/amsfonts/cm/cmsy6.pfb></usr/share/texlive/texmf-dist/fonts/type1/public/amsfonts/cm/cmsy7.pfb></usr/share/texlive/texmf-dist/fonts/type1/public/amsfonts/cm/cmsy8.pfb></usr/share/texlive/texmf-dist/fonts/type1/public/amsfonts/cm/cmsy9.pfb></usr/share/texlive/texmf-dist/fonts/type1/public/amsfonts/cm/cmti7.pfb></usr/share/texlive/texmf-dist/fonts/type1/public/amsfonts/cm/cmti9.pfb></usr/share/texlive/texmf-dist/fonts/type1/public/amsfonts/symbols/msbm10.pfb></usr/share/texlive/texmf-dist/fonts/type1/public/amsfonts/symbols/msbm7.pfb></usr/share/texlive/texmf-dist/fonts/type1/urw/courier/ucrr8a.pfb></usr/share/texlive/texmf-dist/fonts/type1/urw/courier/ucrro8a.pfb>
Output written on build//hackpack.pdf (30 pages, 961753 bytes).
PDF statistics:
 4808 PDF objects out of 5155 (max. 8388607)
 4606 compressed objects within 47 object streams
 3560 named destinations out of 3580 (max. 500000)
 91 words of extra memory for PDF output out of 10000 (max. 10000000)

